2026-04-10 19:38:30,551 [INFO] __main__: [kenbiya] 巡回開始...
2026-04-10 19:38:37,020 [INFO] scrapers.kenbiya: [健美家] 6件の物件を取得
2026-04-10 19:38:37,024 [INFO] __main__: [kenbiya] 新着: 6件, 価格変更: 0件
2026-04-10 19:38:37,024 [INFO] __main__: [rakumachi] 巡回開始...
2026-04-10 19:38:40,568 [INFO] scrapers.rakumachi: [楽待] 16件の物件を取得
2026-04-10 19:38:40,572 [INFO] __main__: [rakumachi] 新着: 16件, 価格変更: 0件
2026-04-10 19:38:40,572 [INFO] __main__: [suumo] 巡回開始...
2026-04-10 19:38:44,546 [INFO] scrapers.suumo: [SUUMO] 20件の物件を取得
2026-04-10 19:38:44,550 [INFO] __main__: [suumo] 新着: 20件, 価格変更: 0件
2026-04-10 19:38:44,550 [INFO] __main__: [athome] 巡回開始...
2026-04-10 19:39:15,037 [ERROR] scrapers.base: [アットホーム] ページ取得エラー: https://www.athome.co.jp/kodate/yamagata/tsuruoka-city/list/ - Page.goto: Timeout 30000ms exceeded.
Call log:
  - navigating to "https://www.athome.co.jp/kodate/yamagata/tsuruoka-city/list/", waiting until "networkidle"

2026-04-10 19:39:18,114 [INFO] __main__: [fudosan_japan] 巡回開始...
2026-04-10 19:39:18,300 [ERROR] scrapers.base: [不動産ジャパン] ページ取得エラー: https://www.fudousan.or.jp/property/buy/06/area/list?m_adr%5B%5D=06203 - 403 Client Error: Forbidden for url: https://www.fudousan.or.jp/property/buy/06/area/list?m_adr%5B%5D=06203
2026-04-10 19:39:21,301 [INFO] __main__: [拓生土地地所（中古住宅）] 巡回開始...
2026-04-10 19:39:27,815 [INFO] scrapers.custom: [拓生土地地所（中古住宅）] 11件の物件を取得
2026-04-10 19:39:27,819 [INFO] __main__: [拓生土地地所（中古住宅）] 新着: 11件, 価格変更: 0件
2026-04-10 19:39:27,819 [INFO] __main__: [拓生土地地所（土地）] 巡回開始...
2026-04-10 19:39:32,098 [INFO] scrapers.custom: [拓生土地地所（土地）] 28件の物件を取得
2026-04-10 19:39:32,102 [INFO] __main__: [拓生土地地所（土地）] 新着: 28件, 価格変更: 0件
2026-04-10 19:39:32,102 [INFO] __main__: [荘内ハウジング（売家）] 巡回開始...
2026-04-10 19:39:35,324 [INFO] scrapers.custom: [荘内ハウジング（売家）] 10件の物件を取得
2026-04-10 19:39:35,328 [INFO] __main__: [荘内ハウジング（売家）] 新着: 10件, 価格変更: 0件
2026-04-10 19:39:35,328 [INFO] __main__: [荘内ハウジング（土地）] 巡回開始...
2026-04-10 19:39:38,539 [INFO] scrapers.custom: [荘内ハウジング（土地）] 13件の物件を取得
2026-04-10 19:39:38,543 [INFO] __main__: [荘内ハウジング（土地）] 新着: 13件, 価格変更: 0件
2026-04-10 19:39:38,543 [INFO] __main__: [カスタムエージェント] 巡回開始...
2026-04-10 19:39:41,671 [INFO] scrapers.custom: [カスタムエージェント] 2件の物件を取得
2026-04-10 19:39:41,676 [INFO] __main__: [カスタムエージェント] 新着: 2件, 価格変更: 0件
2026-04-10 19:39:41,676 [INFO] __main__: [アクア不動産（戸建て）] 巡回開始...
2026-04-10 19:39:47,489 [INFO] scrapers.custom: [アクア不動産（戸建て）] 87件の物件を取得
2026-04-10 19:39:47,493 [INFO] __main__: [アクア不動産（戸建て）] 新着: 87件, 価格変更: 0件
2026-04-10 19:39:47,494 [INFO] __main__: [アクア不動産（土地）] 巡回開始...
2026-04-10 19:39:52,781 [INFO] scrapers.custom: [アクア不動産（土地）] 90件の物件を取得
2026-04-10 19:39:52,786 [INFO] __main__: [アクア不動産（土地）] 新着: 90件, 価格変更: 0件
2026-04-10 19:39:52,786 [INFO] __main__: [鈴木不動産（土地）] 巡回開始...
2026-04-10 19:39:56,347 [INFO] scrapers.custom: [鈴木不動産（土地）] 1件の物件を取得
2026-04-10 19:39:56,351 [INFO] __main__: [鈴木不動産（土地）] 新着: 1件, 価格変更: 0件
2026-04-10 19:39:56,351 [INFO] __main__: [鈴木不動産（戸建て）] 巡回開始...
2026-04-10 19:39:59,597 [INFO] scrapers.custom: [鈴木不動産（戸建て）] 1件の物件を取得
2026-04-10 19:39:59,601 [INFO] __main__: [鈴木不動産（戸建て）] 新着: 1件, 価格変更: 0件
2026-04-10 19:39:59,601 [INFO] __main__: [J Home Design] 巡回開始...
2026-04-10 19:40:03,456 [INFO] scrapers.custom: [J Home Design] 0件の物件を取得
2026-04-10 19:40:03,456 [INFO] __main__: [庄司不動産情報館] 巡回開始...
2026-04-10 19:40:08,576 [INFO] scrapers.custom: [庄司不動産情報館] 28件の物件を取得
2026-04-10 19:40:08,596 [INFO] __main__: [庄司不動産情報館] 新着: 19件, 価格変更: 0件
2026-04-10 19:40:08,596 [INFO] __main__: [阿部多不動産] 巡回開始...
2026-04-10 19:40:21,748 [ERROR] scrapers.base: [阿部多不動産] ページ取得エラー: https://abeta-f.jp/buy - Page.wait_for_selector: Timeout 10000ms exceeded.
Call log:
  - waiting for locator("#kouku_cb > div") to be visible

2026-04-10 19:40:24,799 [INFO] __main__: [石橋不動産] 巡回開始...
2026-04-10 19:40:29,954 [INFO] scrapers.custom: [石橋不動産] 14件の物件を取得
2026-04-10 19:40:29,970 [INFO] __main__: [石橋不動産] 新着: 12件, 価格変更: 0件
2026-04-10 19:40:29,970 [INFO] __main__: Discord通知: 新着316件, 価格変更0件
2026-04-10 19:40:29,970 [ERROR] notifiers.discord: DISCORD_WEBHOOK_URLが設定されていません
2026-04-10 19:40:29,975 [INFO] __main__: 巡回完了: 新着316件, 価格変更0件
2026-04-10 19:43:47,280 [INFO] __main__: [kenbiya] 巡回開始...
2026-04-10 19:43:51,451 [INFO] scrapers.kenbiya: [健美家] 6件の物件を取得
2026-04-10 19:43:51,454 [INFO] __main__: [kenbiya] 新着: 6件, 価格変更: 0件
2026-04-10 19:43:51,455 [INFO] __main__: [rakumachi] 巡回開始...
2026-04-10 19:43:54,968 [INFO] scrapers.rakumachi: [楽待] 16件の物件を取得
2026-04-10 19:43:54,973 [INFO] __main__: [rakumachi] 新着: 16件, 価格変更: 0件
2026-04-10 19:43:54,973 [INFO] __main__: [suumo] 巡回開始...
2026-04-10 19:43:58,893 [INFO] scrapers.suumo: [SUUMO] 20件の物件を取得
2026-04-10 19:43:58,897 [INFO] __main__: [suumo] 新着: 20件, 価格変更: 0件
2026-04-10 19:43:58,897 [INFO] __main__: [拓生土地地所（中古住宅）] 巡回開始...
2026-04-10 19:44:05,740 [INFO] scrapers.custom: [拓生土地地所（中古住宅）] 11件の物件を取得
2026-04-10 19:44:05,745 [INFO] __main__: [拓生土地地所（中古住宅）] 新着: 11件, 価格変更: 0件
2026-04-10 19:44:05,745 [INFO] __main__: [拓生土地地所（土地）] 巡回開始...
2026-04-10 19:44:09,983 [INFO] scrapers.custom: [拓生土地地所（土地）] 28件の物件を取得
2026-04-10 19:44:09,987 [INFO] __main__: [拓生土地地所（土地）] 新着: 28件, 価格変更: 0件
2026-04-10 19:44:09,987 [INFO] __main__: [荘内ハウジング（売家）] 巡回開始...
2026-04-10 19:44:13,202 [INFO] scrapers.custom: [荘内ハウジング（売家）] 10件の物件を取得
2026-04-10 19:44:13,207 [INFO] __main__: [荘内ハウジング（売家）] 新着: 10件, 価格変更: 0件
2026-04-10 19:44:13,207 [INFO] __main__: [荘内ハウジング（土地）] 巡回開始...
2026-04-10 19:44:16,414 [INFO] scrapers.custom: [荘内ハウジング（土地）] 13件の物件を取得
2026-04-10 19:44:16,429 [INFO] __main__: [荘内ハウジング（土地）] 新着: 13件, 価格変更: 0件
2026-04-10 19:44:16,429 [INFO] __main__: [カスタムエージェント] 巡回開始...
2026-04-10 19:44:19,553 [INFO] scrapers.custom: [カスタムエージェント] 2件の物件を取得
2026-04-10 19:44:19,557 [INFO] __main__: [カスタムエージェント] 新着: 2件, 価格変更: 0件
2026-04-10 19:44:19,557 [INFO] __main__: [アクア不動産（戸建て）] 巡回開始...
2026-04-10 19:44:24,632 [INFO] scrapers.custom: [アクア不動産（戸建て）] 87件の物件を取得
2026-04-10 19:44:24,636 [INFO] __main__: [アクア不動産（戸建て）] 新着: 87件, 価格変更: 0件
2026-04-10 19:44:24,637 [INFO] __main__: [アクア不動産（土地）] 巡回開始...
2026-04-10 19:44:29,607 [INFO] scrapers.custom: [アクア不動産（土地）] 90件の物件を取得
2026-04-10 19:44:29,612 [INFO] __main__: [アクア不動産（土地）] 新着: 90件, 価格変更: 0件
2026-04-10 19:44:29,613 [INFO] __main__: [鈴木不動産（土地）] 巡回開始...
2026-04-10 19:44:33,302 [INFO] scrapers.custom: [鈴木不動産（土地）] 1件の物件を取得
2026-04-10 19:44:33,312 [INFO] __main__: [鈴木不動産（土地）] 新着: 1件, 価格変更: 0件
2026-04-10 19:44:33,312 [INFO] __main__: [鈴木不動産（戸建て）] 巡回開始...
2026-04-10 19:44:36,670 [INFO] scrapers.custom: [鈴木不動産（戸建て）] 1件の物件を取得
2026-04-10 19:44:36,674 [INFO] __main__: [鈴木不動産（戸建て）] 新着: 1件, 価格変更: 0件
2026-04-10 19:44:36,674 [INFO] __main__: [J Home Design] 巡回開始...
2026-04-10 19:44:40,279 [INFO] scrapers.custom: [J Home Design] 0件の物件を取得
2026-04-10 19:44:40,279 [INFO] __main__: [庄司不動産情報館] 巡回開始...
2026-04-10 19:44:44,463 [INFO] scrapers.custom: [庄司不動産情報館] 28件の物件を取得
2026-04-10 19:44:44,468 [INFO] __main__: [庄司不動産情報館] 新着: 19件, 価格変更: 0件
2026-04-10 19:44:44,468 [INFO] __main__: [石橋不動産] 巡回開始...
2026-04-10 19:44:48,974 [INFO] scrapers.custom: [石橋不動産] 14件の物件を取得
2026-04-10 19:44:48,981 [INFO] __main__: [石橋不動産] 新着: 12件, 価格変更: 0件
2026-04-10 19:44:48,982 [INFO] __main__: Discord通知: 新着316件, 価格変更0件
2026-04-10 19:44:48,982 [ERROR] notifiers.discord: DISCORD_WEBHOOK_URLが設定されていません
2026-04-10 19:44:48,988 [INFO] __main__: 巡回完了: 新着316件, 価格変更0件
2026-04-10 19:52:58,943 [INFO] apscheduler.scheduler: Adding job tentatively -- it will be properly scheduled when the scheduler starts
2026-04-10 19:52:58,943 [INFO] __main__: スケジューラ起動: 60分間隔で巡回します
2026-04-10 19:52:58,943 [INFO] __main__: 初回巡回を実行します...
2026-04-10 19:52:58,943 [INFO] __main__: [kenbiya] 巡回開始...
2026-04-10 19:53:03,143 [INFO] scrapers.kenbiya: [健美家] 6件の物件を取得
2026-04-10 19:53:03,146 [INFO] __main__: [kenbiya] 新着: 0件, 価格変更: 0件
2026-04-10 19:53:03,146 [INFO] __main__: [rakumachi] 巡回開始...
2026-04-10 19:53:06,724 [INFO] scrapers.rakumachi: [楽待] 16件の物件を取得
2026-04-10 19:53:06,728 [INFO] __main__: [rakumachi] 新着: 0件, 価格変更: 0件
2026-04-10 19:53:06,728 [INFO] __main__: [suumo] 巡回開始...
2026-04-10 19:53:10,889 [INFO] scrapers.suumo: [SUUMO] 20件の物件を取得
2026-04-10 19:53:10,893 [INFO] __main__: [suumo] 新着: 0件, 価格変更: 0件
2026-04-10 19:53:10,893 [INFO] __main__: [拓生土地地所（中古住宅）] 巡回開始...
2026-04-10 19:53:17,273 [INFO] scrapers.custom: [拓生土地地所（中古住宅）] 11件の物件を取得
2026-04-10 19:53:17,290 [INFO] __main__: [拓生土地地所（中古住宅）] 新着: 0件, 価格変更: 0件
2026-04-10 19:53:17,291 [INFO] __main__: [拓生土地地所（土地）] 巡回開始...
2026-04-10 19:53:21,406 [INFO] scrapers.custom: [拓生土地地所（土地）] 28件の物件を取得
2026-04-10 19:53:21,410 [INFO] __main__: [拓生土地地所（土地）] 新着: 0件, 価格変更: 0件
2026-04-10 19:53:21,410 [INFO] __main__: [荘内ハウジング（売家）] 巡回開始...
2026-04-10 19:53:24,636 [INFO] scrapers.custom: [荘内ハウジング（売家）] 10件の物件を取得
2026-04-10 19:53:24,641 [INFO] __main__: [荘内ハウジング（売家）] 新着: 0件, 価格変更: 0件
2026-04-10 19:53:24,641 [INFO] __main__: [荘内ハウジング（土地）] 巡回開始...
2026-04-10 19:53:27,846 [INFO] scrapers.custom: [荘内ハウジング（土地）] 13件の物件を取得
2026-04-10 19:53:27,851 [INFO] __main__: [荘内ハウジング（土地）] 新着: 0件, 価格変更: 0件
2026-04-10 19:53:27,851 [INFO] __main__: [カスタムエージェント] 巡回開始...
2026-04-10 19:53:30,970 [INFO] scrapers.custom: [カスタムエージェント] 2件の物件を取得
2026-04-10 19:53:30,974 [INFO] __main__: [カスタムエージェント] 新着: 0件, 価格変更: 0件
2026-04-10 19:53:30,974 [INFO] __main__: [アクア不動産（戸建て）] 巡回開始...
2026-04-10 19:53:36,402 [INFO] scrapers.custom: [アクア不動産（戸建て）] 87件の物件を取得
2026-04-10 19:53:36,407 [INFO] __main__: [アクア不動産（戸建て）] 新着: 0件, 価格変更: 0件
2026-04-10 19:53:36,407 [INFO] __main__: [アクア不動産（土地）] 巡回開始...
2026-04-10 19:53:41,758 [INFO] scrapers.custom: [アクア不動産（土地）] 90件の物件を取得
2026-04-10 19:53:41,762 [INFO] __main__: [アクア不動産（土地）] 新着: 0件, 価格変更: 0件
2026-04-10 19:53:41,762 [INFO] __main__: [鈴木不動産（土地）] 巡回開始...
2026-04-10 19:53:45,273 [INFO] scrapers.custom: [鈴木不動産（土地）] 1件の物件を取得
2026-04-10 19:53:45,278 [INFO] __main__: [鈴木不動産（土地）] 新着: 0件, 価格変更: 0件
2026-04-10 19:53:45,278 [INFO] __main__: [鈴木不動産（戸建て）] 巡回開始...
2026-04-10 19:53:49,594 [INFO] scrapers.custom: [鈴木不動産（戸建て）] 1件の物件を取得
2026-04-10 19:53:49,598 [INFO] __main__: [鈴木不動産（戸建て）] 新着: 0件, 価格変更: 0件
2026-04-10 19:53:49,598 [INFO] __main__: [J Home Design] 巡回開始...
2026-04-10 19:53:53,434 [INFO] scrapers.custom: [J Home Design] 0件の物件を取得
2026-04-10 19:53:53,434 [INFO] __main__: [庄司不動産情報館] 巡回開始...
2026-04-10 19:53:57,644 [INFO] scrapers.custom: [庄司不動産情報館] 28件の物件を取得
2026-04-10 19:53:57,657 [INFO] __main__: [庄司不動産情報館] 新着: 0件, 価格変更: 0件
2026-04-10 19:53:57,657 [INFO] __main__: [石橋不動産] 巡回開始...
2026-04-10 19:54:02,161 [INFO] scrapers.custom: [石橋不動産] 14件の物件を取得
2026-04-10 19:54:02,164 [INFO] __main__: [石橋不動産] 新着: 0件, 価格変更: 0件
2026-04-10 19:54:02,164 [INFO] __main__: 新着・変更なし
2026-04-10 19:54:02,166 [INFO] apscheduler.scheduler: Added job "run_once" to job store "default"
2026-04-10 19:54:02,166 [INFO] apscheduler.scheduler: Scheduler started
2026-04-10 19:55:46,603 [INFO] __main__: [kenbiya] 巡回開始...
2026-04-10 19:55:50,874 [INFO] scrapers.kenbiya: [健美家] 6件の物件を取得
2026-04-10 19:55:50,878 [INFO] __main__: [kenbiya] 新着: 0件, 価格変更: 0件
2026-04-10 19:55:50,878 [INFO] __main__: [rakumachi] 巡回開始...
2026-04-10 19:55:54,397 [INFO] scrapers.rakumachi: [楽待] 16件の物件を取得
2026-04-10 19:55:54,401 [INFO] __main__: [rakumachi] 新着: 0件, 価格変更: 0件
2026-04-10 19:55:54,401 [INFO] __main__: [suumo] 巡回開始...
2026-04-10 19:55:58,547 [INFO] scrapers.suumo: [SUUMO] 20件の物件を取得
2026-04-10 19:55:58,551 [INFO] __main__: [suumo] 新着: 0件, 価格変更: 0件
2026-04-10 19:55:58,551 [INFO] __main__: [拓生土地地所（中古住宅）] 巡回開始...
2026-04-10 19:56:03,677 [INFO] scrapers.custom: [拓生土地地所（中古住宅）] 11件の物件を取得
2026-04-10 19:56:03,681 [INFO] __main__: [拓生土地地所（中古住宅）] 新着: 0件, 価格変更: 0件
2026-04-10 19:56:03,681 [INFO] __main__: [拓生土地地所（土地）] 巡回開始...
2026-04-10 19:56:08,185 [INFO] scrapers.custom: [拓生土地地所（土地）] 28件の物件を取得
2026-04-10 19:56:08,190 [INFO] __main__: [拓生土地地所（土地）] 新着: 0件, 価格変更: 0件
2026-04-10 19:56:08,190 [INFO] __main__: [荘内ハウジング（売家）] 巡回開始...
2026-04-10 19:56:11,414 [INFO] scrapers.custom: [荘内ハウジング（売家）] 10件の物件を取得
2026-04-10 19:56:11,418 [INFO] __main__: [荘内ハウジング（売家）] 新着: 0件, 価格変更: 0件
2026-04-10 19:56:11,418 [INFO] __main__: [荘内ハウジング（土地）] 巡回開始...
2026-04-10 19:56:14,626 [INFO] scrapers.custom: [荘内ハウジング（土地）] 13件の物件を取得
2026-04-10 19:56:14,630 [INFO] __main__: [荘内ハウジング（土地）] 新着: 0件, 価格変更: 0件
2026-04-10 19:56:14,630 [INFO] __main__: [カスタムエージェント] 巡回開始...
2026-04-10 19:56:17,754 [INFO] scrapers.custom: [カスタムエージェント] 2件の物件を取得
2026-04-10 19:56:17,758 [INFO] __main__: [カスタムエージェント] 新着: 0件, 価格変更: 0件
2026-04-10 19:56:17,758 [INFO] __main__: [アクア不動産（戸建て）] 巡回開始...
2026-04-10 19:56:22,850 [INFO] scrapers.custom: [アクア不動産（戸建て）] 87件の物件を取得
2026-04-10 19:56:22,855 [INFO] __main__: [アクア不動産（戸建て）] 新着: 0件, 価格変更: 0件
2026-04-10 19:56:22,855 [INFO] __main__: [アクア不動産（土地）] 巡回開始...
2026-04-10 19:56:27,769 [INFO] scrapers.custom: [アクア不動産（土地）] 90件の物件を取得
2026-04-10 19:56:27,774 [INFO] __main__: [アクア不動産（土地）] 新着: 0件, 価格変更: 0件
2026-04-10 19:56:27,774 [INFO] __main__: [鈴木不動産（土地）] 巡回開始...
2026-04-10 19:56:31,381 [INFO] scrapers.custom: [鈴木不動産（土地）] 1件の物件を取得
2026-04-10 19:56:31,385 [INFO] __main__: [鈴木不動産（土地）] 新着: 0件, 価格変更: 0件
2026-04-10 19:56:31,385 [INFO] __main__: [鈴木不動産（戸建て）] 巡回開始...
2026-04-10 19:56:34,679 [INFO] scrapers.custom: [鈴木不動産（戸建て）] 1件の物件を取得
2026-04-10 19:56:34,696 [INFO] __main__: [鈴木不動産（戸建て）] 新着: 0件, 価格変更: 0件
2026-04-10 19:56:34,696 [INFO] __main__: [J Home Design] 巡回開始...
2026-04-10 19:56:38,524 [INFO] scrapers.custom: [J Home Design] 0件の物件を取得
2026-04-10 19:56:38,524 [INFO] __main__: [庄司不動産情報館] 巡回開始...
2026-04-10 19:56:42,725 [INFO] scrapers.custom: [庄司不動産情報館] 28件の物件を取得
2026-04-10 19:56:42,729 [INFO] __main__: [庄司不動産情報館] 新着: 0件, 価格変更: 0件
2026-04-10 19:56:42,730 [INFO] __main__: [石橋不動産] 巡回開始...
2026-04-10 19:56:47,275 [INFO] scrapers.custom: [石橋不動産] 14件の物件を取得
2026-04-10 19:56:47,281 [INFO] __main__: [石橋不動産] 新着: 0件, 価格変更: 0件
2026-04-10 19:56:47,282 [INFO] __main__: 新着・変更なし
